<?xml version="1.0" encoding="UTF-8"?>
<!-- Generated by org.testng.reporters.JUnitReportReporter -->
<testsuite hostname="Midhun" failures="0" tests="1" name="testScipt.AdminUserChangeStatusTest" time="5.235" errors="0" timestamp="2024-07-28T01:52:47 IST" skipped="0">
  <testcase classname="testScipt.AdminUserChangeStatusTest" name="verifyAdminUserStatusChange" time="5.235"/>
  <system-out/>
</testsuite> <!-- testScipt.AdminUserChangeStatusTest -->
