<?xml version="1.0" encoding="UTF-8"?>
<!-- Generated by org.testng.reporters.JUnitReportReporter -->
<testsuite hostname="Midhun" failures="0" tests="1" name="testScipt.EditManageNewsTest" time="5.984" errors="0" timestamp="2024-07-28T02:53:03 IST" skipped="0">
  <testcase classname="testScipt.EditManageNewsTest" name="verifyUserIsAbleToEditNews" time="5.984"/>
  <system-out/>
</testsuite> <!-- testScipt.EditManageNewsTest -->
