<?xml version="1.0" encoding="UTF-8"?>
<!-- Generated by org.testng.reporters.JUnitReportReporter -->
<testsuite hostname="Midhun" failures="0" tests="1" name="testScipt.AddNewPageTest" time="7.835" errors="0" timestamp="2024-06-30T22:08:09 IST" skipped="0">
  <testcase classname="testScipt.AddNewPageTest" name="verifyUserIsAbleToCreateNewPage" time="7.835"/>
  <system-out/>
</testsuite> <!-- testScipt.AddNewPageTest -->
