<?xml version="1.0" encoding="UTF-8"?>
<!-- Generated by org.testng.reporters.JUnitReportReporter -->
<testsuite hostname="Midhun" failures="0" tests="1" name="testScipt.AddNewAdminUserTest" time="5.130" errors="0" timestamp="2024-06-30T10:59:23 IST" skipped="0">
  <testcase classname="testScipt.AddNewAdminUserTest" name="verifyUserIsAbleToAddNewAdminUser" time="5.130"/>
  <system-out/>
</testsuite> <!-- testScipt.AddNewAdminUserTest -->
