<?xml version="1.0" encoding="UTF-8"?>
<!-- Generated by org.testng.reporters.JUnitReportReporter -->
<testsuite hostname="Midhun" failures="0" tests="1" name="testScipt.DeleteSubCategoryTest" time="4.654" errors="0" timestamp="2024-07-28T02:15:17 IST" skipped="0">
  <testcase classname="testScipt.DeleteSubCategoryTest" name="verifyUserIsAbleToDeleteSubcategory" time="4.654"/>
  <system-out/>
</testsuite> <!-- testScipt.DeleteSubCategoryTest -->
