<?xml version="1.0" encoding="UTF-8"?>
<!-- Generated by org.testng.reporters.JUnitReportReporter -->
<testsuite hostname="Midhun" failures="0" tests="1" name="testScipt.DeleteSubCategoryTest" time="3.064" errors="0" timestamp="2024-07-03T10:44:44 IST" skipped="0">
  <testcase classname="testScipt.DeleteSubCategoryTest" name="verifyUserIsAbleToDeleteSubcategory" time="3.064"/>
  <system-out/>
</testsuite> <!-- testScipt.DeleteSubCategoryTest -->
