<?xml version="1.0" encoding="UTF-8"?>
<!-- Generated by org.testng.reporters.JUnitReportReporter -->
<testsuite hostname="Midhun" failures="0" tests="1" name="testScipt.AddNewPageTest" time="9.149" errors="0" timestamp="2024-07-30T19:09:49 IST" skipped="0">
  <testcase classname="testScipt.AddNewPageTest" name="verifyUserIsAbleToCreateNewPage" time="9.149"/>
  <system-out/>
</testsuite> <!-- testScipt.AddNewPageTest -->
