<?xml version="1.0" encoding="UTF-8"?>
<!-- Generated by org.testng.reporters.JUnitReportReporter -->
<testsuite hostname="Midhun" failures="0" tests="1" name="testScipt.AdminUserSearchTest" time="4.824" errors="0" timestamp="2024-07-03T10:44:30 IST" skipped="0">
  <testcase classname="testScipt.AdminUserSearchTest" name="verifyAdminUserSearch" time="4.824"/>
  <system-out/>
</testsuite> <!-- testScipt.AdminUserSearchTest -->
