<?xml version="1.0" encoding="UTF-8"?>
<!-- Generated by org.testng.reporters.JUnitReportReporter -->
<testsuite hostname="Midhun" failures="0" tests="1" name="testScipt.EditContactTest" time="5.052" errors="0" timestamp="2024-07-28T02:41:50 IST" skipped="0">
  <testcase classname="testScipt.EditContactTest" name="verifyUserIsAbleToEditContact" time="5.052"/>
  <system-out/>
</testsuite> <!-- testScipt.EditContactTest -->
