<?xml version="1.0" encoding="UTF-8"?>
<!-- Generated by org.testng.reporters.JUnitReportReporter -->
<testsuite hostname="Midhun" failures="0" tests="1" name="testScipt.EditCategoryTest" time="5.464" errors="0" timestamp="2024-06-29T23:07:05 IST" skipped="0">
  <testcase classname="testScipt.EditCategoryTest" name="verifyUserIsAbleToEditCategory" time="5.464"/>
  <system-out/>
</testsuite> <!-- testScipt.EditCategoryTest -->
