<?xml version="1.0" encoding="UTF-8"?>
<!-- Generated by org.testng.reporters.JUnitReportReporter -->
<testsuite hostname="Midhun" failures="0" tests="1" name="testScipt.EditManageNewsTest" time="6.164" errors="0" timestamp="2024-06-29T21:44:40 IST" skipped="0">
  <testcase classname="testScipt.EditManageNewsTest" name="verifyUserIsAbleToEditNews" time="6.164"/>
  <system-out/>
</testsuite> <!-- testScipt.EditManageNewsTest -->
