<?xml version="1.0" encoding="UTF-8"?>
<!-- Generated by org.testng.reporters.JUnitReportReporter -->
<testsuite hostname="Midhun" failures="0" tests="1" name="testScipt.EditManageNewsTest" time="3.287" errors="0" timestamp="2024-07-03T10:45:14 IST" skipped="0">
  <testcase classname="testScipt.EditManageNewsTest" name="verifyUserIsAbleToEditNews" time="3.287"/>
  <system-out/>
</testsuite> <!-- testScipt.EditManageNewsTest -->
