<?xml version="1.0" encoding="UTF-8"?>
<!-- Generated by org.testng.reporters.JUnitReportReporter -->
<testsuite hostname="Midhun" failures="0" tests="1" name="testScipt.AddNewNewsTest" time="3.494" errors="0" timestamp="2024-06-30T10:59:35 IST" skipped="0">
  <testcase classname="testScipt.AddNewNewsTest" name="verifyUserIsAbleToAddNewNews" time="3.494"/>
  <system-out/>
</testsuite> <!-- testScipt.AddNewNewsTest -->
