<?xml version="1.0" encoding="UTF-8"?>
<!-- Generated by org.testng.reporters.JUnitReportReporter -->
<testsuite hostname="Midhun" failures="0" tests="1" name="testScipt.LoginTest" time="5.123" errors="0" timestamp="2024-07-30T18:26:25 IST" skipped="0">
  <testcase classname="testScipt.LoginTest" name="verifyTheUserIsAbleToLoginUsingValidCredentials" time="5.123"/>
  <system-out/>
</testsuite> <!-- testScipt.LoginTest -->
