<?xml version="1.0" encoding="UTF-8"?>
<!-- Generated by org.testng.reporters.JUnitReportReporter -->
<testsuite hostname="Midhun" failures="0" tests="1" name="testScipt.AddSubCategoryTest" time="6.019" errors="0" timestamp="2024-07-28T00:38:07 IST" skipped="0">
  <testcase classname="testScipt.AddSubCategoryTest" name="verifyUserIsAbleToAddSubcategory" time="6.019"/>
  <system-out/>
</testsuite> <!-- testScipt.AddSubCategoryTest -->
