<?xml version="1.0" encoding="UTF-8"?>
<!-- Generated by org.testng.reporters.JUnitReportReporter -->
<testsuite hostname="Midhun" failures="0" tests="1" name="testScipt.AddSubCategoryTest" time="5.692" errors="0" timestamp="2024-07-05T10:19:57 IST" skipped="0">
  <testcase classname="testScipt.AddSubCategoryTest" name="verifyUserIsAbleToAddSubcategory" time="5.692"/>
  <system-out/>
</testsuite> <!-- testScipt.AddSubCategoryTest -->
