<?xml version="1.0" encoding="UTF-8"?>
<!-- Generated by org.testng.reporters.JUnitReportReporter -->
<testsuite hostname="Midhun" failures="0" tests="1" name="testScipt.AddNewAdminUserTest" time="6.440" errors="0" timestamp="2024-07-22T11:19:45 IST" skipped="0">
  <testcase classname="testScipt.AddNewAdminUserTest" name="verifyUserIsAbleToAddNewAdminUser" time="6.440"/>
  <system-out/>
</testsuite> <!-- testScipt.AddNewAdminUserTest -->
