<?xml version="1.0" encoding="UTF-8"?>
<!-- Generated by org.testng.reporters.JUnitReportReporter -->
<testsuite hostname="Midhun" failures="0" tests="1" name="testScipt.EditCategoryTest" time="3.937" errors="0" timestamp="2024-07-03T10:45:02 IST" skipped="0">
  <testcase classname="testScipt.EditCategoryTest" name="verifyUserIsAbleToEditCategory" time="3.937"/>
  <system-out/>
</testsuite> <!-- testScipt.EditCategoryTest -->
