<?xml version="1.0" encoding="UTF-8"?>
<!-- Generated by org.testng.reporters.JUnitReportReporter -->
<testsuite hostname="Midhun" failures="0" tests="1" name="testScipt.AdminUserSearchTest" time="3.281" errors="0" timestamp="2024-06-30T11:00:33 IST" skipped="0">
  <testcase classname="testScipt.AdminUserSearchTest" name="verifyAdminUserSearch" time="3.281"/>
  <system-out/>
</testsuite> <!-- testScipt.AdminUserSearchTest -->
