<?xml version="1.0" encoding="UTF-8"?>
<!-- Generated by org.testng.reporters.JUnitReportReporter -->
<testsuite hostname="Midhun" failures="0" tests="1" name="testScipt.EditContactTest" time="3.880" errors="0" timestamp="2024-07-03T10:46:21 IST" skipped="0">
  <testcase classname="testScipt.EditContactTest" name="verifyUserIsAbleToEditContact" time="3.880"/>
  <system-out/>
</testsuite> <!-- testScipt.EditContactTest -->
