<?xml version="1.0" encoding="UTF-8"?>
<!-- Generated by org.testng.reporters.JUnitReportReporter -->
<testsuite hostname="Midhun" failures="0" tests="1" name="testScipt.LoginTest" time="4.215" errors="0" timestamp="2024-07-31T15:34:47 IST" skipped="0">
  <testcase classname="testScipt.LoginTest" name="verifyTheUserIsAbleToLoginUsingValidCredentials" time="4.215"/>
  <system-out/>
</testsuite> <!-- testScipt.LoginTest -->
