<?xml version="1.0" encoding="UTF-8"?>
<!-- Generated by org.testng.reporters.JUnitReportReporter -->
<testsuite hostname="Midhun" failures="0" tests="1" name="testScript3.CheckboxAssignment" time="11.102" errors="0" timestamp="2024-06-15T13:43:51 IST" skipped="0">
  <testcase classname="testScript3.CheckboxAssignment" name="deselectCheckbox" time="11.102"/>
  <system-out/>
</testsuite> <!-- testScript3.CheckboxAssignment -->
