<?xml version="1.0" encoding="UTF-8"?>
<!-- Generated by org.testng.reporters.JUnitReportReporter -->
<testsuite hostname="Midhun" failures="0" tests="2" name="testScript3.Annotations" time="8.754" errors="0" timestamp="2024-06-12T11:16:01 IST" skipped="0">
  <testcase classname="testScript3.Annotations" name="test1" time="4.536"/>
  <system-out/>
  <testcase classname="testScript3.Annotations" name="all" time="4.218"/>
  <system-out/>
</testsuite> <!-- testScript3.Annotations -->
