<?xml version="1.0" encoding="UTF-8"?>
<!-- Generated by org.testng.reporters.JUnitReportReporter -->
<testsuite hostname="Midhun" failures="0" tests="1" name="testScript3.Assignments" time="7.484" errors="0" timestamp="2024-06-15T13:19:49 IST" skipped="0">
  <testcase classname="testScript3.Assignments" name="uploadFileRobotClass" time="7.484"/>
  <system-out/>
</testsuite> <!-- testScript3.Assignments -->
