<?xml version="1.0" encoding="UTF-8"?>
<!-- Generated by org.testng.reporters.JUnitReportReporter -->
<testsuite hostname="Midhun" failures="0" tests="1" name="testScript3.MultipleAssignments" time="13.112" errors="0" timestamp="2024-06-17T10:31:08 IST" skipped="0">
  <testcase classname="testScript3.MultipleAssignments" name="doubleClickAlert" time="13.112"/>
  <system-out/>
</testsuite> <!-- testScript3.MultipleAssignments -->
