<?xml version="1.0" encoding="UTF-8"?>
<!-- Generated by org.testng.reporters.JUnitReportReporter -->
<testsuite hostname="Midhun" failures="0" tests="1" name="testScript3.Assertion" time="6.909" errors="0" timestamp="2024-06-18T11:17:15 IST" skipped="0">
  <testcase classname="testScript3.Assertion" name="assertNotNullTest" time="6.909"/>
  <system-out/>
</testsuite> <!-- testScript3.Assertion -->
