<?xml version="1.0" encoding="UTF-8"?>
<!-- Generated by org.testng.reporters.JUnitReportReporter -->
<testsuite hostname="Midhun" failures="0" tests="1" name="testScript3.Inputfield" time="6.645" errors="0" timestamp="2024-06-14T10:49:34 IST" skipped="0">
  <testcase classname="testScript3.Inputfield" name="javascriptSampel" time="6.645"/>
  <system-out/>
</testsuite> <!-- testScript3.Inputfield -->
