<?xml version="1.0" encoding="UTF-8"?>
<!-- Generated by org.testng.reporters.JUnitReportReporter -->
<testsuite hostname="Midhun" failures="0" tests="3" name="testScript3.JavaScriptExecutor" time="32.724" errors="0" timestamp="2024-06-13T20:40:03 IST" skipped="0">
  <testcase classname="testScript3.JavaScriptExecutor" name="valueTotal" time="15.113"/>
  <system-out/>
  <testcase classname="testScript3.JavaScriptExecutor" name="javaScriptExecutor" time="10.131"/>
  <system-out/>
  <testcase classname="testScript3.JavaScriptExecutor" name="messageShow" time="7.480"/>
  <system-out/>
</testsuite> <!-- testScript3.JavaScriptExecutor -->
