<?xml version="1.0" encoding="UTF-8"?>
<!-- Generated by org.testng.reporters.JUnitReportReporter -->
<testsuite hostname="Midhun" failures="0" tests="1" name="testScript3.FileUploadAssignment" time="30.162" errors="0" timestamp="2024-06-18T09:51:06 IST" skipped="0">
  <testcase classname="testScript3.FileUploadAssignment" name="uploadFileRobotClass" time="30.162"/>
  <system-out/>
</testsuite> <!-- testScript3.FileUploadAssignment -->
